<?xml version="1.0" encoding="UTF-8"?>
<!-- Generated by org.testng.reporters.JUnitReportReporter -->
<testsuite hostname="LAPTOP-N12FFOFH" failures="0" tests="2" name="testcases.loginTestCases" time="10.693" errors="0" timestamp="2024-05-28T09:38:24 IST" skipped="0">
  <testcase classname="testcases.loginTestCases" name="verifyLoginWithValidData" time="4.790"/>
  <system-out/>
  <testcase classname="testcases.loginTestCases" name="verifyLoginWithInValidData" time="5.903"/>
  <system-out/>
</testsuite> <!-- testcases.loginTestCases -->
