<?xml version="1.0" encoding="UTF-8"?>
<!-- Generated by org.testng.reporters.JUnitReportReporter -->
<testsuite hostname="LAPTOP-N12FFOFH" failures="0" tests="3" name="testcases.registerTestCases" time="16.942" errors="0" timestamp="2024-05-28T09:38:24 IST" skipped="1">
  <testcase classname="testcases.registerTestCases" name="verifyRegistrrationWithValideData" time="13.344"/>
  <system-out/>
  <testcase classname="testcases.registerTestCases" name="verifyRegistrrationWithBlankData" time="3.598"/>
  <system-out/>
  <testcase classname="testcases.registerTestCases" name="verifyRegistrrationWithInvalideData">
    <skipped/>
  </testcase> <!-- verifyRegistrrationWithInvalideData -->
  <system-out/>
</testsuite> <!-- testcases.registerTestCases -->
